android/app/build/outputs/logs/manifest-merger-debug-report.txt
-- Merging decision tree log ---
manifest
ADDED from src/main/AndroidManifest.xml:1:1-26:12
INJECTED from src/main/AndroidManifest.xml:1:1-26:12
INJECTED from src/main/AndroidManifest.xml:1:1-26:12
INJECTED from src/main/AndroidManifest.xml:1:1-26:12
MERGED from src/main/AndroidManifest.xml:1:1-26:12
MERGED from [:@mauron85_react-native-background-geolocation] AndroidManifest.xml:20:1-91:12
MERGED from [com.facebook.react:react-native:0.60.5] AndroidManifest.xml:2:1-13:12
MERGED from [org.webkit:android-jsc:r245459] AndroidManifest.xml:2:1-11:12
MERGED from [:@mauron85_react-native-background-geolocation-common] AndroidManifest.xml:20:1-85:12
MERGED from [androidx.appcompat:appcompat:1.0.2] AndroidManifest.xml:17:1-22:12
MERGED from [com.facebook.fresco:fresco:2.0.0] AndroidManifest.xml:2:1-9:12
MERGED from [com.facebook.fresco:imagepipeline-okhttp3:2.0.0] AndroidManifest.xml:2:1-9:12
MERGED from [com.facebook.fresco:drawee:2.0.0] AndroidManifest.xml:2:1-9:12
MERGED from [com.facebook.fresco:nativeimagefilters:2.0.0] AndroidManifest.xml:2:1-9:12
MERGED from [com.facebook.fresco:imagepipeline:2.0.0] AndroidManifest.xml:2:1-9:12
MERGED from [com.facebook.fresco:nativeimagetranscoder:2.0.0] AndroidManifest.xml:2:1-9:12
MERGED from [com.facebook.fresco:imagepipeline-base:2.0.0] AndroidManifest.xml:2:1-9:12
MERGED from [com.facebook.soloader:soloader:0.6.0] AndroidManifest.xml:2:1-13:12
MERGED from [com.google.android.gms:play-services-location:11.8.0] AndroidManifest.xml:2:1-9:12
MERGED from [com.google.android.gms:play-services-base:11.8.0] AndroidManifest.xml:17:1-29:12
MERGED from [com.google.android.gms:play-services-tasks:11.8.0] AndroidManifest.xml:2:1-9:12
MERGED from [com.google.android.gms:play-services-basement:11.8.0] AndroidManifest.xml:17:1-28:12
MERGED from [androidx.legacy:legacy-support-v4:1.0.0] AndroidManifest.xml:17:1-22:12
MERGED from [androidx.fragment:fragment:1.0.0] AndroidManifest.xml:17:1-22:12
MERGED from [androidx.vectordrawable:vectordrawable-animated:1.0.0] AndroidManifest.xml:17:1-22:12
MERGED from [androidx.legacy:legacy-support-core-ui:1.0.0] AndroidManifest.xml:17:1-22:12
MERGED from [androidx.legacy:legacy-support-core-utils:1.0.0] AndroidManifest.xml:17:1-22:12
MERGED from [androidx.vectordrawable:vectordrawable:1.0.1] AndroidManifest.xml:17:1-22:12
MERGED from [androidx.loader:loader:1.0.0] AndroidManifest.xml:17:1-22:12
MERGED from [androidx.viewpager:viewpager:1.0.0] AndroidManifest.xml:17:1-22:12
MERGED from [androidx.coordinatorlayout:coordinatorlayout:1.0.0] AndroidManifest.xml:17:1-22:12
MERGED from [androidx.drawerlayout:drawerlayout:1.0.0] AndroidManifest.xml:17:1-22:12
MERGED from [androidx.slidingpanelayout:slidingpanelayout:1.0.0] AndroidManifest.xml:17:1-22:12
MERGED from [androidx.customview:customview:1.0.0] AndroidManifest.xml:17:1-22:12
MERGED from [androidx.swiperefreshlayout:swiperefreshlayout:1.0.0] AndroidManifest.xml:17:1-22:12
MERGED from [androidx.asynclayoutinflater:asynclayoutinflater:1.0.0] AndroidManifest.xml:17:1-22:12
MERGED from [androidx.media:media:1.0.0] AndroidManifest.xml:17:1-22:12
MERGED from [androidx.core:core:1.0.1] AndroidManifest.xml:17:1-24:12
MERGED from [androidx.versionedparcelable:versionedparcelable:1.0.0] AndroidManifest.xml:17:1-25:12
MERGED from [androidx.cursoradapter:cursoradapter:1.0.0] AndroidManifest.xml:17:1-22:12
MERGED from [androidx.lifecycle:lifecycle-runtime:2.0.0] AndroidManifest.xml:17:1-22:12
MERGED from [androidx.documentfile:documentfile:1.0.0] AndroidManifest.xml:17:1-22:12
MERGED from [androidx.localbroadcastmanager:localbroadcastmanager:1.0.0] AndroidManifest.xml:17:1-22:12
MERGED from [androidx.print:print:1.0.0] AndroidManifest.xml:17:1-22:12
MERGED from [androidx.lifecycle:lifecycle-viewmodel:2.0.0] AndroidManifest.xml:17:1-22:12
MERGED from [androidx.lifecycle:lifecycle-livedata:2.0.0] AndroidManifest.xml:17:1-22:12
MERGED from [androidx.lifecycle:lifecycle-livedata-core:2.0.0] AndroidManifest.xml:17:1-22:12
MERGED from [androidx.arch.core:core-runtime:2.0.0] AndroidManifest.xml:17:1-22:12
MERGED from [androidx.interpolator:interpolator:1.0.0] AndroidManifest.xml:17:1-22:12
MERGED from [com.facebook.fresco:fbcore:2.0.0] AndroidManifest.xml:2:1-9:12
MERGED from [com.intentfilter:android-permissions:0.1.7] AndroidManifest.xml:2:1-18:12
MERGED from [com.github.tony19:logback-android:1.1.1-9] AndroidManifest.xml:2:1-11:12
MERGED from [com.google.android.gms:play-services-location-license:11.8.0] AndroidManifest.xml:2:1-6:12
MERGED from [com.github.tony19:apktool-lib:1.4.4-5] AndroidManifest.xml:2:1-11:12
MERGED from [com.google.android.gms:play-services-base-license:11.8.0] AndroidManifest.xml:2:1-6:12
MERGED from [com.google.android.gms:play-services-basement-license:11.8.0] AndroidManifest.xml:2:1-6:12
MERGED from [com.google.android.gms:play-services-tasks-license:11.8.0] AndroidManifest.xml:2:1-6:12
INJECTED from src/debug/AndroidManifest.xml:2:1-8:12
INJECTED from src/debug/AndroidManifest.xml:2:1-8:12
INJECTED from src/debug/AndroidManifest.xml:2:1-8:12
	package
		ADDED from src/main/AndroidManifest.xml:2:3-35
		INJECTED from src/main/AndroidManifest.xml
		ADDED from src/main/AndroidManifest.xml:2:3-35
		INJECTED from src/debug/AndroidManifest.xml
	android:versionName
		INJECTED from src/main/AndroidManifest.xml
		ADDED from src/main/AndroidManifest.xml:1:1-26:12
		INJECTED from src/debug/AndroidManifest.xml
	xmlns:tools
		ADDED from src/debug/AndroidManifest.xml:3:5-51
	android:versionCode
		INJECTED from src/main/AndroidManifest.xml
		ADDED from src/main/AndroidManifest.xml:1:1-26:12
		INJECTED from src/debug/AndroidManifest.xml
	xmlns:android
		ADDED from src/main/AndroidManifest.xml:1:11-69
uses-permission#android.permission.INTERNET
ADDED from src/main/AndroidManifest.xml:4:5-67
MERGED from [:@mauron85_react-native-background-geolocation] AndroidManifest.xml:30:5-67
MERGED from [:@mauron85_react-native-background-geolocation] AndroidManifest.xml:30:5-67
MERGED from [:@mauron85_react-native-background-geolocation-common] AndroidManifest.xml:28:5-67
MERGED from [:@mauron85_react-native-background-geolocation-common] AndroidManifest.xml:28:5-67
	android:name
		ADDED from src/main/AndroidManifest.xml:4:22-64
application
ADDED from src/main/AndroidManifest.xml:6:5-24:19
MERGED from src/main/AndroidManifest.xml:6:5-24:19
MERGED from src/main/AndroidManifest.xml:6:5-24:19
MERGED from [:@mauron85_react-native-background-geolocation] AndroidManifest.xml:43:5-89:19
MERGED from [:@mauron85_react-native-background-geolocation] AndroidManifest.xml:43:5-89:19
MERGED from [com.facebook.react:react-native:0.60.5] AndroidManifest.xml:11:5-20
MERGED from [com.facebook.react:react-native:0.60.5] AndroidManifest.xml:11:5-20
MERGED from [:@mauron85_react-native-background-geolocation-common] AndroidManifest.xml:41:5-83:19
MERGED from [:@mauron85_react-native-background-geolocation-common] AndroidManifest.xml:41:5-83:19
MERGED from [com.facebook.soloader:soloader:0.6.0] AndroidManifest.xml:11:5-20
MERGED from [com.facebook.soloader:soloader:0.6.0] AndroidManifest.xml:11:5-20
MERGED from [com.google.android.gms:play-services-location:11.8.0] AndroidManifest.xml:7:5-20
MERGED from [com.google.android.gms:play-services-location:11.8.0] AndroidManifest.xml:7:5-20
MERGED from [com.google.android.gms:play-services-base:11.8.0] AndroidManifest.xml:22:5-27:19
MERGED from [com.google.android.gms:play-services-base:11.8.0] AndroidManifest.xml:22:5-27:19
MERGED from [com.google.android.gms:play-services-tasks:11.8.0] AndroidManifest.xml:7:5-20
MERGED from [com.google.android.gms:play-services-tasks:11.8.0] AndroidManifest.xml:7:5-20
MERGED from [com.google.android.gms:play-services-basement:11.8.0] AndroidManifest.xml:22:5-26:19
MERGED from [com.google.android.gms:play-services-basement:11.8.0] AndroidManifest.xml:22:5-26:19
MERGED from [androidx.core:core:1.0.1] AndroidManifest.xml:22:5-89
MERGED from [androidx.core:core:1.0.1] AndroidManifest.xml:22:5-89
MERGED from [androidx.versionedparcelable:versionedparcelable:1.0.0] AndroidManifest.xml:22:5-23:19
MERGED from [androidx.versionedparcelable:versionedparcelable:1.0.0] AndroidManifest.xml:22:5-23:19
MERGED from [com.intentfilter:android-permissions:0.1.7] AndroidManifest.xml:11:5-16:19
MERGED from [com.intentfilter:android-permissions:0.1.7] AndroidManifest.xml:11:5-16:19
MERGED from [com.google.android.gms:play-services-location-license:11.8.0] AndroidManifest.xml:5:5-20
MERGED from [com.google.android.gms:play-services-location-license:11.8.0] AndroidManifest.xml:5:5-20
MERGED from [com.google.android.gms:play-services-base-license:11.8.0] AndroidManifest.xml:5:5-20
MERGED from [com.google.android.gms:play-services-base-license:11.8.0] AndroidManifest.xml:5:5-20
MERGED from [com.google.android.gms:play-services-basement-license:11.8.0] AndroidManifest.xml:5:5-20
MERGED from [com.google.android.gms:play-services-basement-license:11.8.0] AndroidManifest.xml:5:5-20
MERGED from [com.google.android.gms:play-services-tasks-license:11.8.0] AndroidManifest.xml:5:5-20
MERGED from [com.google.android.gms:play-services-tasks-license:11.8.0] AndroidManifest.xml:5:5-20
	android:appComponentFactory
		ADDED from [androidx.core:core:1.0.1] AndroidManifest.xml:22:18-86
	android:label
		ADDED from src/main/AndroidManifest.xml:8:7-39
		ADDED from src/main/AndroidManifest.xml:8:7-39
	tools:ignore
		ADDED from src/debug/AndroidManifest.xml:7:75-114
	android:roundIcon
		ADDED from src/main/AndroidManifest.xml:10:7-52
		ADDED from src/main/AndroidManifest.xml:10:7-52
	tools:targetApi
		ADDED from src/debug/AndroidManifest.xml:7:54-74
	android:icon
		ADDED from src/main/AndroidManifest.xml:9:7-41
		ADDED from src/main/AndroidManifest.xml:9:7-41
	android:allowBackup
		ADDED from src/main/AndroidManifest.xml:11:7-34
		ADDED from src/main/AndroidManifest.xml:11:7-34
	android:theme
		ADDED from src/main/AndroidManifest.xml:12:7-38
		ADDED from src/main/AndroidManifest.xml:12:7-38
	android:usesCleartextTraffic
		ADDED from src/debug/AndroidManifest.xml:7:18-53
	android:name
		ADDED from src/main/AndroidManifest.xml:7:7-38
		ADDED from src/main/AndroidManifest.xml:7:7-38
activity#com.backgroundlocation.MainActivity
ADDED from src/main/AndroidManifest.xml:13:7-22:18
	android:label
		ADDED from src/main/AndroidManifest.xml:15:9-41
	android:windowSoftInputMode
		ADDED from src/main/AndroidManifest.xml:17:9-51
	android:configChanges
		ADDED from src/main/AndroidManifest.xml:16:9-79
	android:name
		ADDED from src/main/AndroidManifest.xml:14:9-37
intent-filter#action:name:android.intent.action.MAIN+category:name:android.intent.category.LAUNCHER
ADDED from src/main/AndroidManifest.xml:18:9-21:25
action#android.intent.action.MAIN
ADDED from src/main/AndroidManifest.xml:19:13-65
	android:name
		ADDED from src/main/AndroidManifest.xml:19:21-62
category#android.intent.category.LAUNCHER
ADDED from src/main/AndroidManifest.xml:20:13-73
	android:name
		ADDED from src/main/AndroidManifest.xml:20:23-70
activity#com.facebook.react.devsupport.DevSettingsActivity
ADDED from src/main/AndroidManifest.xml:23:7-84
	android:name
		ADDED from src/main/AndroidManifest.xml:23:17-81
uses-sdk
INJECTED from src/main/AndroidManifest.xml reason: use-sdk injection requested
INJECTED from src/main/AndroidManifest.xml
INJECTED from src/main/AndroidManifest.xml
MERGED from [:@mauron85_react-native-background-geolocation] AndroidManifest.xml:25:5-27:41
MERGED from [:@mauron85_react-native-background-geolocation] AndroidManifest.xml:25:5-27:41
MERGED from [com.facebook.react:react-native:0.60.5] AndroidManifest.xml:7:5-9:41
MERGED from [com.facebook.react:react-native:0.60.5] AndroidManifest.xml:7:5-9:41
MERGED from [org.webkit:android-jsc:r245459] AndroidManifest.xml:7:5-9:41
MERGED from [org.webkit:android-jsc:r245459] AndroidManifest.xml:7:5-9:41
MERGED from [:@mauron85_react-native-background-geolocation-common] AndroidManifest.xml:25:5-44
MERGED from [:@mauron85_react-native-background-geolocation-common] AndroidManifest.xml:25:5-44
MERGED from [androidx.appcompat:appcompat:1.0.2] AndroidManifest.xml:20:5-44
MERGED from [androidx.appcompat:appcompat:1.0.2] AndroidManifest.xml:20:5-44
MERGED from [com.facebook.fresco:fresco:2.0.0] AndroidManifest.xml:5:5-7:41
MERGED from [com.facebook.fresco:fresco:2.0.0] AndroidManifest.xml:5:5-7:41
MERGED from [com.facebook.fresco:imagepipeline-okhttp3:2.0.0] AndroidManifest.xml:5:5-7:41
MERGED from [com.facebook.fresco:imagepipeline-okhttp3:2.0.0] AndroidManifest.xml:5:5-7:41
MERGED from [com.facebook.fresco:drawee:2.0.0] AndroidManifest.xml:5:5-7:41
MERGED from [com.facebook.fresco:drawee:2.0.0] AndroidManifest.xml:5:5-7:41
MERGED from [com.facebook.fresco:nativeimagefilters:2.0.0] AndroidManifest.xml:5:5-7:41
MERGED from [com.facebook.fresco:nativeimagefilters:2.0.0] AndroidManifest.xml:5:5-7:41
MERGED from [com.facebook.fresco:imagepipeline:2.0.0] AndroidManifest.xml:5:5-7:41
MERGED from [com.facebook.fresco:imagepipeline:2.0.0] AndroidManifest.xml:5:5-7:41
MERGED from [com.facebook.fresco:nativeimagetranscoder:2.0.0] AndroidManifest.xml:5:5-7:41
MERGED from [com.facebook.fresco:nativeimagetranscoder:2.0.0] AndroidManifest.xml:5:5-7:41
MERGED from [com.facebook.fresco:imagepipeline-base:2.0.0] AndroidManifest.xml:5:5-7:41
MERGED from [com.facebook.fresco:imagepipeline-base:2.0.0] AndroidManifest.xml:5:5-7:41
MERGED from [com.facebook.soloader:soloader:0.6.0] AndroidManifest.xml:7:5-9:41
MERGED from [com.facebook.soloader:soloader:0.6.0] AndroidManifest.xml:7:5-9:41
MERGED from [com.google.android.gms:play-services-location:11.8.0] AndroidManifest.xml:5:5-44
MERGED from [com.google.android.gms:play-services-location:11.8.0] AndroidManifest.xml:5:5-44
MERGED from [com.google.android.gms:play-services-base:11.8.0] AndroidManifest.xml:20:5-44
MERGED from [com.google.android.gms:play-services-base:11.8.0] AndroidManifest.xml:20:5-44
MERGED from [com.google.android.gms:play-services-tasks:11.8.0] AndroidManifest.xml:5:5-44
MERGED from [com.google.android.gms:play-services-tasks:11.8.0] AndroidManifest.xml:5:5-44
MERGED from [com.google.android.gms:play-services-basement:11.8.0] AndroidManifest.xml:20:5-44
MERGED from [com.google.android.gms:play-services-basement:11.8.0] AndroidManifest.xml:20:5-44
MERGED from [androidx.legacy:legacy-support-v4:1.0.0] AndroidManifest.xml:20:5-44
MERGED from [androidx.legacy:legacy-support-v4:1.0.0] AndroidManifest.xml:20:5-44
MERGED from [androidx.fragment:fragment:1.0.0] AndroidManifest.xml:20:5-44
MERGED from [androidx.fragment:fragment:1.0.0] AndroidManifest.xml:20:5-44
MERGED from [androidx.vectordrawable:vectordrawable-animated:1.0.0] AndroidManifest.xml:20:5-44
MERGED from [androidx.vectordrawable:vectordrawable-animated:1.0.0] AndroidManifest.xml:20:5-44
MERGED from [androidx.legacy:legacy-support-core-ui:1.0.0] AndroidManifest.xml:20:5-44
MERGED from [androidx.legacy:legacy-support-core-ui:1.0.0] AndroidManifest.xml:20:5-44
MERGED from [androidx.legacy:legacy-support-core-utils:1.0.0] AndroidManifest.xml:20:5-44
MERGED from [androidx.legacy:legacy-support-core-utils:1.0.0] AndroidManifest.xml:20:5-44
MERGED from [androidx.vectordrawable:vectordrawable:1.0.1] AndroidManifest.xml:20:5-44
MERGED from [androidx.vectordrawable:vectordrawable:1.0.1] AndroidManifest.xml:20:5-44
MERGED from [androidx.loader:loader:1.0.0] AndroidManifest.xml:20:5-44
MERGED from [androidx.loader:loader:1.0.0] AndroidManifest.xml:20:5-44
MERGED from [androidx.viewpager:viewpager:1.0.0] AndroidManifest.xml:20:5-44
MERGED from [androidx.viewpager:viewpager:1.0.0] AndroidManifest.xml:20:5-44
MERGED from [androidx.coordinatorlayout:coordinatorlayout:1.0.0] AndroidManifest.xml:20:5-44
MERGED from [androidx.coordinatorlayout:coordinatorlayout:1.0.0] AndroidManifest.xml:20:5-44
MERGED from [androidx.drawerlayout:drawerlayout:1.0.0] AndroidManifest.xml:20:5-44
MERGED from [androidx.drawerlayout:drawerlayout:1.0.0] AndroidManifest.xml:20:5-44
MERGED from [androidx.slidingpanelayout:slidingpanelayout:1.0.0] AndroidManifest.xml:20:5-44
MERGED from [androidx.slidingpanelayout:slidingpanelayout:1.0.0] AndroidManifest.xml:20:5-44
MERGED from [androidx.customview:customview:1.0.0] AndroidManifest.xml:20:5-44
MERGED from [androidx.customview:customview:1.0.0] AndroidManifest.xml:20:5-44
MERGED from [androidx.swiperefreshlayout:swiperefreshlayout:1.0.0] AndroidManifest.xml:20:5-44
MERGED from [androidx.swiperefreshlayout:swiperefreshlayout:1.0.0] AndroidManifest.xml:20:5-44
MERGED from [androidx.asynclayoutinflater:asynclayoutinflater:1.0.0] AndroidManifest.xml:20:5-44
MERGED from [androidx.asynclayoutinflater:asynclayoutinflater:1.0.0] AndroidManifest.xml:20:5-44
MERGED from [androidx.media:media:1.0.0] AndroidManifest.xml:20:5-44
MERGED from [androidx.media:media:1.0.0] AndroidManifest.xml:20:5-44
MERGED from [androidx.core:core:1.0.1] AndroidManifest.xml:20:5-44
MERGED from [androidx.core:core:1.0.1] AndroidManifest.xml:20:5-44
MERGED from [androidx.versionedparcelable:versionedparcelable:1.0.0] AndroidManifest.xml:20:5-44
MERGED from [androidx.versionedparcelable:versionedparcelable:1.0.0] AndroidManifest.xml:20:5-44
MERGED from [androidx.cursoradapter:cursoradapter:1.0.0] AndroidManifest.xml:20:5-44
MERGED from [androidx.cursoradapter:cursoradapter:1.0.0] AndroidManifest.xml:20:5-44
MERGED from [androidx.lifecycle:lifecycle-runtime:2.0.0] AndroidManifest.xml:20:5-44
MERGED from [androidx.lifecycle:lifecycle-runtime:2.0.0] AndroidManifest.xml:20:5-44
MERGED from [androidx.documentfile:documentfile:1.0.0] AndroidManifest.xml:20:5-44
MERGED from [androidx.documentfile:documentfile:1.0.0] AndroidManifest.xml:20:5-44
MERGED from [androidx.localbroadcastmanager:localbroadcastmanager:1.0.0] AndroidManifest.xml:20:5-44
MERGED from [androidx.localbroadcastmanager:localbroadcastmanager:1.0.0] AndroidManifest.xml:20:5-44
MERGED from [androidx.print:print:1.0.0] AndroidManifest.xml:20:5-44
MERGED from [androidx.print:print:1.0.0] AndroidManifest.xml:20:5-44
MERGED from [androidx.lifecycle:lifecycle-viewmodel:2.0.0] AndroidManifest.xml:20:5-44
MERGED from [androidx.lifecycle:lifecycle-viewmodel:2.0.0] AndroidManifest.xml:20:5-44
MERGED from [androidx.lifecycle:lifecycle-livedata:2.0.0] AndroidManifest.xml:20:5-44
MERGED from [androidx.lifecycle:lifecycle-livedata:2.0.0] AndroidManifest.xml:20:5-44
MERGED from [androidx.lifecycle:lifecycle-livedata-core:2.0.0] AndroidManifest.xml:20:5-44
MERGED from [androidx.lifecycle:lifecycle-livedata-core:2.0.0] AndroidManifest.xml:20:5-44
MERGED from [androidx.arch.core:core-runtime:2.0.0] AndroidManifest.xml:20:5-44
MERGED from [androidx.arch.core:core-runtime:2.0.0] AndroidManifest.xml:20:5-44
MERGED from [androidx.interpolator:interpolator:1.0.0] AndroidManifest.xml:20:5-44
MERGED from [androidx.interpolator:interpolator:1.0.0] AndroidManifest.xml:20:5-44
MERGED from [com.facebook.fresco:fbcore:2.0.0] AndroidManifest.xml:5:5-7:41
MERGED from [com.facebook.fresco:fbcore:2.0.0] AndroidManifest.xml:5:5-7:41
MERGED from [com.intentfilter:android-permissions:0.1.7] AndroidManifest.xml:7:5-9:41
MERGED from [com.intentfilter:android-permissions:0.1.7] AndroidManifest.xml:7:5-9:41
MERGED from [com.github.tony19:logback-android:1.1.1-9] AndroidManifest.xml:7:5-9:41
MERGED from [com.github.tony19:logback-android:1.1.1-9] AndroidManifest.xml:7:5-9:41
MERGED from [com.google.android.gms:play-services-location-license:11.8.0] AndroidManifest.xml:4:5-43
MERGED from [com.google.android.gms:play-services-location-license:11.8.0] AndroidManifest.xml:4:5-43
MERGED from [com.github.tony19:apktool-lib:1.4.4-5] AndroidManifest.xml:7:5-9:41
MERGED from [com.github.tony19:apktool-lib:1.4.4-5] AndroidManifest.xml:7:5-9:41
MERGED from [com.google.android.gms:play-services-base-license:11.8.0] AndroidManifest.xml:4:5-43
MERGED from [com.google.android.gms:play-services-base-license:11.8.0] AndroidManifest.xml:4:5-43
MERGED from [com.google.android.gms:play-services-basement-license:11.8.0] AndroidManifest.xml:4:5-43
MERGED from [com.google.android.gms:play-services-basement-license:11.8.0] AndroidManifest.xml:4:5-43
MERGED from [com.google.android.gms:play-services-tasks-license:11.8.0] AndroidManifest.xml:4:5-43
MERGED from [com.google.android.gms:play-services-tasks-license:11.8.0] AndroidManifest.xml:4:5-43
INJECTED from src/debug/AndroidManifest.xml
INJECTED from src/debug/AndroidManifest.xml
	android:targetSdkVersion
		INJECTED from src/main/AndroidManifest.xml
		INJECTED from src/debug/AndroidManifest.xml
	android:minSdkVersion
		INJECTED from src/main/AndroidManifest.xml
		INJECTED from src/debug/AndroidManifest.xml
uses-permission#android.permission.SYSTEM_ALERT_WINDOW
ADDED from src/debug/AndroidManifest.xml:5:5-77
	android:name
		ADDED from src/debug/AndroidManifest.xml:5:22-75
uses-permission#android.hardware.location
ADDED from [:@mauron85_react-native-background-geolocation] AndroidManifest.xml:29:5-65
MERGED from [:@mauron85_react-native-background-geolocation-common] AndroidManifest.xml:27:5-65
MERGED from [:@mauron85_react-native-background-geolocation-common] AndroidManifest.xml:27:5-65
	android:name
		ADDED from [:@mauron85_react-native-background-geolocation] AndroidManifest.xml:29:22-62
uses-permission#android.permission.WAKE_LOCK
ADDED from [:@mauron85_react-native-background-geolocation] AndroidManifest.xml:31:5-68
MERGED from [:@mauron85_react-native-background-geolocation-common] AndroidManifest.xml:29:5-68
MERGED from [:@mauron85_react-native-background-geolocation-common] AndroidManifest.xml:29:5-68
	android:name
		ADDED from [:@mauron85_react-native-background-geolocation] AndroidManifest.xml:31:22-65
uses-permission#android.permission.ACCESS_NETWORK_STATE
ADDED from [:@mauron85_react-native-background-geolocation] AndroidManifest.xml:32:5-79
MERGED from [:@mauron85_react-native-background-geolocation-common] AndroidManifest.xml:30:5-79
MERGED from [:@mauron85_react-native-background-geolocation-common] AndroidManifest.xml:30:5-79
	android:name
		ADDED from [:@mauron85_react-native-background-geolocation] AndroidManifest.xml:32:22-76
uses-permission#android.permission.ACCESS_COARSE_LOCATION
ADDED from [:@mauron85_react-native-background-geolocation] AndroidManifest.xml:33:5-81
MERGED from [:@mauron85_react-native-background-geolocation-common] AndroidManifest.xml:31:5-81
MERGED from [:@mauron85_react-native-background-geolocation-common] AndroidManifest.xml:31:5-81
	android:name
		ADDED from [:@mauron85_react-native-background-geolocation] AndroidManifest.xml:33:22-78
uses-permission#android.permission.ACCESS_FINE_LOCATION
ADDED from [:@mauron85_react-native-background-geolocation] AndroidManifest.xml:34:5-79
MERGED from [:@mauron85_react-native-background-geolocation-common] AndroidManifest.xml:32:5-79
MERGED from [:@mauron85_react-native-background-geolocation-common] AndroidManifest.xml:32:5-79
	android:name
		ADDED from [:@mauron85_react-native-background-geolocation] AndroidManifest.xml:34:22-76
uses-permission#android.permission.ACCESS_LOCATION_EXTRA_COMMANDS
ADDED from [:@mauron85_react-native-background-geolocation] AndroidManifest.xml:35:5-89
MERGED from [:@mauron85_react-native-background-geolocation-common] AndroidManifest.xml:33:5-89
MERGED from [:@mauron85_react-native-background-geolocation-common] AndroidManifest.xml:33:5-89
	android:name
		ADDED from [:@mauron85_react-native-background-geolocation] AndroidManifest.xml:35:22-86
uses-permission#com.google.android.gms.permission.ACTIVITY_RECOGNITION
ADDED from [:@mauron85_react-native-background-geolocation] AndroidManifest.xml:36:5-94
MERGED from [:@mauron85_react-native-background-geolocation-common] AndroidManifest.xml:34:5-94
MERGED from [:@mauron85_react-native-background-geolocation-common] AndroidManifest.xml:34:5-94
	android:name
		ADDED from [:@mauron85_react-native-background-geolocation] AndroidManifest.xml:36:22-91
uses-permission#android.permission.RECEIVE_BOOT_COMPLETED
ADDED from [:@mauron85_react-native-background-geolocation] AndroidManifest.xml:37:5-81
MERGED from [:@mauron85_react-native-background-geolocation-common] AndroidManifest.xml:35:5-81
MERGED from [:@mauron85_react-native-background-geolocation-common] AndroidManifest.xml:35:5-81
	android:name
		ADDED from [:@mauron85_react-native-background-geolocation] AndroidManifest.xml:37:22-78
uses-permission#android.permission.READ_SYNC_SETTINGS
ADDED from [:@mauron85_react-native-background-geolocation] AndroidManifest.xml:38:5-77
MERGED from [:@mauron85_react-native-background-geolocation-common] AndroidManifest.xml:36:5-77
MERGED from [:@mauron85_react-native-background-geolocation-common] AndroidManifest.xml:36:5-77
	android:name
		ADDED from [:@mauron85_react-native-background-geolocation] AndroidManifest.xml:38:22-74
uses-permission#android.permission.WRITE_SYNC_SETTINGS
ADDED from [:@mauron85_react-native-background-geolocation] AndroidManifest.xml:39:5-78
MERGED from [:@mauron85_react-native-background-geolocation-common] AndroidManifest.xml:37:5-78
MERGED from [:@mauron85_react-native-background-geolocation-common] AndroidManifest.xml:37:5-78
	android:name
		ADDED from [:@mauron85_react-native-background-geolocation] AndroidManifest.xml:39:22-75
uses-permission#android.permission.AUTHENTICATE_ACCOUNTS
ADDED from [:@mauron85_react-native-background-geolocation] AndroidManifest.xml:40:5-80
MERGED from [:@mauron85_react-native-background-geolocation-common] AndroidManifest.xml:38:5-80
MERGED from [:@mauron85_react-native-background-geolocation-common] AndroidManifest.xml:38:5-80
	android:name
		ADDED from [:@mauron85_react-native-background-geolocation] AndroidManifest.xml:40:22-77
uses-permission#android.permission.FOREGROUND_SERVICE
ADDED from [:@mauron85_react-native-background-geolocation] AndroidManifest.xml:41:5-77
MERGED from [:@mauron85_react-native-background-geolocation-common] AndroidManifest.xml:39:5-77
MERGED from [:@mauron85_react-native-background-geolocation-common] AndroidManifest.xml:39:5-77
	android:name
		ADDED from [:@mauron85_react-native-background-geolocation] AndroidManifest.xml:41:22-74
service#com.marianhello.bgloc.sync.SyncService
ADDED from [:@mauron85_react-native-background-geolocation] AndroidManifest.xml:44:9-55:19
MERGED from [:@mauron85_react-native-background-geolocation-common] AndroidManifest.xml:42:9-53:19
MERGED from [:@mauron85_react-native-background-geolocation-common] AndroidManifest.xml:42:9-53:19
	android:process
		ADDED from [:@mauron85_react-native-background-geolocation] AndroidManifest.xml:47:13-36
	android:exported
		ADDED from [:@mauron85_react-native-background-geolocation] AndroidManifest.xml:46:13-36
	android:name
		ADDED from [:@mauron85_react-native-background-geolocation] AndroidManifest.xml:45:13-66
intent-filter#action:name:android.content.SyncAdapter
ADDED from [:@mauron85_react-native-background-geolocation] AndroidManifest.xml:48:13-50:29
action#android.content.SyncAdapter
ADDED from [:@mauron85_react-native-background-geolocation] AndroidManifest.xml:49:17-70
	android:name
		ADDED from [:@mauron85_react-native-background-geolocation] AndroidManifest.xml:49:25-67
meta-data#android.content.SyncAdapter
ADDED from [:@mauron85_react-native-background-geolocation] AndroidManifest.xml:52:13-54:55
MERGED from [:@mauron85_react-native-background-geolocation-common] AndroidManifest.xml:50:13-52:55
MERGED from [:@mauron85_react-native-background-geolocation-common] AndroidManifest.xml:50:13-52:55
	android:resource
		ADDED from [:@mauron85_react-native-background-geolocation] AndroidManifest.xml:54:17-52
	android:name
		ADDED from [:@mauron85_react-native-background-geolocation] AndroidManifest.xml:53:17-59
service#com.marianhello.bgloc.sync.AuthenticatorService
ADDED from [:@mauron85_react-native-background-geolocation] AndroidManifest.xml:56:9-64:19
MERGED from [:@mauron85_react-native-background-geolocation-common] AndroidManifest.xml:54:9-62:19
MERGED from [:@mauron85_react-native-background-geolocation-common] AndroidManifest.xml:54:9-62:19
	android:name
		ADDED from [:@mauron85_react-native-background-geolocation] AndroidManifest.xml:56:18-80
intent-filter#action:name:android.accounts.AccountAuthenticator
ADDED from [:@mauron85_react-native-background-geolocation] AndroidManifest.xml:57:13-59:29
action#android.accounts.AccountAuthenticator
ADDED from [:@mauron85_react-native-background-geolocation] AndroidManifest.xml:58:17-80
	android:name
		ADDED from [:@mauron85_react-native-background-geolocation] AndroidManifest.xml:58:25-77
meta-data#android.accounts.AccountAuthenticator
ADDED from [:@mauron85_react-native-background-geolocation] AndroidManifest.xml:61:13-63:57
MERGED from [:@mauron85_react-native-background-geolocation-common] AndroidManifest.xml:59:13-61:57
MERGED from [:@mauron85_react-native-background-geolocation-common] AndroidManifest.xml:59:13-61:57
	android:resource
		ADDED from [:@mauron85_react-native-background-geolocation] AndroidManifest.xml:63:17-54
	android:name
		ADDED from [:@mauron85_react-native-background-geolocation] AndroidManifest.xml:62:17-69
provider#com.marianhello.bgloc.data.provider.LocationContentProvider
ADDED from [:@mauron85_react-native-background-geolocation] AndroidManifest.xml:66:9-70:39
MERGED from [:@mauron85_react-native-background-geolocation-common] AndroidManifest.xml:64:9-68:39
MERGED from [:@mauron85_react-native-background-geolocation-common] AndroidManifest.xml:64:9-68:39
	android:authorities
		ADDED from [:@mauron85_react-native-background-geolocation] AndroidManifest.xml:68:13-75
	android:syncable
		ADDED from [:@mauron85_react-native-background-geolocation] AndroidManifest.xml:70:13-36
	android:exported
		ADDED from [:@mauron85_react-native-background-geolocation] AndroidManifest.xml:69:13-37
	android:name
		ADDED from [:@mauron85_react-native-background-geolocation] AndroidManifest.xml:67:13-87
service#com.marianhello.bgloc.service.LocationServiceImpl